Initiating legacy licensing module

LICENSE SYSTEM [2020416 18:45:17] Next license update check is after 2020-01-10T12:50:05

[Package Manager] Server::Start -- Port 58132 was selected

 COMMAND LINE ARGUMENTS:
/home/louis/Unity/Hub/Editor/2019.2.17f1/Editor/Unity
-quit
-batchmode
-logFile
stdout.log
-projectPath
-buildLinux64Player
.
-executeMethod
Builds.BuildLinux
Successfully changed project path to: /home/louis/Documents/unity/Erutan/
/home/louis/Documents/unity/Erutan
Using Asset Import Pipeline V1.
DisplayProgressbar: Unity Package Manager
Loading GUID <-> Path mappings...0,000073 seconds
Loading Asset Database...0,011129 seconds
AssetDatabase consistency checks...0,215432 seconds
[Package Manager] Done resolving packages in 0,36s seconds
[Package Manager] 
Registered 40 packages:
  Packages from [https://packages.unity.com]:
    com.unity.collab-proxy@1.2.16 (location: /home/louis/Documents/unity/Erutan/Library/PackageCache/com.unity.collab-proxy@1.2.16)
    com.unity.ext.nunit@1.0.0 (location: /home/louis/Documents/unity/Erutan/Library/PackageCache/com.unity.ext.nunit@1.0.0)
    com.unity.ide.rider@1.1.0 (location: /home/louis/Documents/unity/Erutan/Library/PackageCache/com.unity.ide.rider@1.1.0)
    com.unity.ide.vscode@1.1.3 (location: /home/louis/Documents/unity/Erutan/Library/PackageCache/com.unity.ide.vscode@1.1.3)
    com.unity.test-framework@1.0.13 (location: /home/louis/Documents/unity/Erutan/Library/PackageCache/com.unity.test-framework@1.0.13)
    com.unity.textmeshpro@2.0.1 (location: /home/louis/Documents/unity/Erutan/Library/PackageCache/com.unity.textmeshpro@2.0.1)
  Built-in packages:
    com.unity.package-manager-ui@2.2.0 (location: /home/louis/Unity/Hub/Editor/2019.2.17f1/Editor/Data/Resources/PackageManager/BuiltInPackages/com.unity.package-manager-ui)
    com.unity.timeline@1.1.0 (location: /home/louis/Unity/Hub/Editor/2019.2.17f1/Editor/Data/Resources/PackageManager/BuiltInPackages/com.unity.timeline)
    com.unity.ugui@1.0.0 (location: /home/louis/Unity/Hub/Editor/2019.2.17f1/Editor/Data/Resources/PackageManager/BuiltInPackages/com.unity.ugui)
    com.unity.modules.ai@1.0.0 (location: /home/louis/Unity/Hub/Editor/2019.2.17f1/Editor/Data/Resources/PackageManager/BuiltInPackages/com.unity.modules.ai)
    com.unity.modules.androidjni@1.0.0 (location: /home/louis/Unity/Hub/Editor/2019.2.17f1/Editor/Data/Resources/PackageManager/BuiltInPackages/com.unity.modules.androidjni)
    com.unity.modules.animation@1.0.0 (location: /home/louis/Unity/Hub/Editor/2019.2.17f1/Editor/Data/Resources/PackageManager/BuiltInPackages/com.unity.modules.animation)
    com.unity.modules.assetbundle@1.0.0 (location: /home/louis/Unity/Hub/Editor/2019.2.17f1/Editor/Data/Resources/PackageManager/BuiltInPackages/com.unity.modules.assetbundle)
    com.unity.modules.audio@1.0.0 (location: /home/louis/Unity/Hub/Editor/2019.2.17f1/Editor/Data/Resources/PackageManager/BuiltInPackages/com.unity.modules.audio)
    com.unity.modules.cloth@1.0.0 (location: /home/louis/Unity/Hub/Editor/2019.2.17f1/Editor/Data/Resources/PackageManager/BuiltInPackages/com.unity.modules.cloth)
    com.unity.modules.director@1.0.0 (location: /home/louis/Unity/Hub/Editor/2019.2.17f1/Editor/Data/Resources/PackageManager/BuiltInPackages/com.unity.modules.director)
    com.unity.modules.imageconversion@1.0.0 (location: /home/louis/Unity/Hub/Editor/2019.2.17f1/Editor/Data/Resources/PackageManager/BuiltInPackages/com.unity.modules.imageconversion)
    com.unity.modules.imgui@1.0.0 (location: /home/louis/Unity/Hub/Editor/2019.2.17f1/Editor/Data/Resources/PackageManager/BuiltInPackages/com.unity.modules.imgui)
    com.unity.modules.jsonserialize@1.0.0 (location: /home/louis/Unity/Hub/Editor/2019.2.17f1/Editor/Data/Resources/PackageManager/BuiltInPackages/com.unity.modules.jsonserialize)
    com.unity.modules.particlesystem@1.0.0 (location: /home/louis/Unity/Hub/Editor/2019.2.17f1/Editor/Data/Resources/PackageManager/BuiltInPackages/com.unity.modules.particlesystem)
    com.unity.modules.physics@1.0.0 (location: /home/louis/Unity/Hub/Editor/2019.2.17f1/Editor/Data/Resources/PackageManager/BuiltInPackages/com.unity.modules.physics)
    com.unity.modules.physics2d@1.0.0 (location: /home/louis/Unity/Hub/Editor/2019.2.17f1/Editor/Data/Resources/PackageManager/BuiltInPackages/com.unity.modules.physics2d)
    com.unity.modules.screencapture@1.0.0 (location: /home/louis/Unity/Hub/Editor/2019.2.17f1/Editor/Data/Resources/PackageManager/BuiltInPackages/com.unity.modules.screencapture)
    com.unity.modules.terrain@1.0.0 (location: /home/louis/Unity/Hub/Editor/2019.2.17f1/Editor/Data/Resources/PackageManager/BuiltInPackages/com.unity.modules.terrain)
    com.unity.modules.terrainphysics@1.0.0 (location: /home/louis/Unity/Hub/Editor/2019.2.17f1/Editor/Data/Resources/PackageManager/BuiltInPackages/com.unity.modules.terrainphysics)
    com.unity.modules.tilemap@1.0.0 (location: /home/louis/Unity/Hub/Editor/2019.2.17f1/Editor/Data/Resources/PackageManager/BuiltInPackages/com.unity.modules.tilemap)
    com.unity.modules.ui@1.0.0 (location: /home/louis/Unity/Hub/Editor/2019.2.17f1/Editor/Data/Resources/PackageManager/BuiltInPackages/com.unity.modules.ui)
    com.unity.modules.uielements@1.0.0 (location: /home/louis/Unity/Hub/Editor/2019.2.17f1/Editor/Data/Resources/PackageManager/BuiltInPackages/com.unity.modules.uielements)
    com.unity.modules.umbra@1.0.0 (location: /home/louis/Unity/Hub/Editor/2019.2.17f1/Editor/Data/Resources/PackageManager/BuiltInPackages/com.unity.modules.umbra)
    com.unity.modules.unityanalytics@1.0.0 (location: /home/louis/Unity/Hub/Editor/2019.2.17f1/Editor/Data/Resources/PackageManager/BuiltInPackages/com.unity.modules.unityanalytics)
    com.unity.modules.unitywebrequest@1.0.0 (location: /home/louis/Unity/Hub/Editor/2019.2.17f1/Editor/Data/Resources/PackageManager/BuiltInPackages/com.unity.modules.unitywebrequest)
    com.unity.modules.unitywebrequestassetbundle@1.0.0 (location: /home/louis/Unity/Hub/Editor/2019.2.17f1/Editor/Data/Resources/PackageManager/BuiltInPackages/com.unity.modules.unitywebrequestassetbundle)
    com.unity.modules.unitywebrequestaudio@1.0.0 (location: /home/louis/Unity/Hub/Editor/2019.2.17f1/Editor/Data/Resources/PackageManager/BuiltInPackages/com.unity.modules.unitywebrequestaudio)
    com.unity.modules.unitywebrequesttexture@1.0.0 (location: /home/louis/Unity/Hub/Editor/2019.2.17f1/Editor/Data/Resources/PackageManager/BuiltInPackages/com.unity.modules.unitywebrequesttexture)
    com.unity.modules.unitywebrequestwww@1.0.0 (location: /home/louis/Unity/Hub/Editor/2019.2.17f1/Editor/Data/Resources/PackageManager/BuiltInPackages/com.unity.modules.unitywebrequestwww)
    com.unity.modules.vehicles@1.0.0 (location: /home/louis/Unity/Hub/Editor/2019.2.17f1/Editor/Data/Resources/PackageManager/BuiltInPackages/com.unity.modules.vehicles)
    com.unity.modules.video@1.0.0 (location: /home/louis/Unity/Hub/Editor/2019.2.17f1/Editor/Data/Resources/PackageManager/BuiltInPackages/com.unity.modules.video)
    com.unity.modules.vr@1.0.0 (location: /home/louis/Unity/Hub/Editor/2019.2.17f1/Editor/Data/Resources/PackageManager/BuiltInPackages/com.unity.modules.vr)
    com.unity.modules.wind@1.0.0 (location: /home/louis/Unity/Hub/Editor/2019.2.17f1/Editor/Data/Resources/PackageManager/BuiltInPackages/com.unity.modules.wind)
    com.unity.modules.xr@1.0.0 (location: /home/louis/Unity/Hub/Editor/2019.2.17f1/Editor/Data/Resources/PackageManager/BuiltInPackages/com.unity.modules.xr)

[XR] No new subsystems found in resolved package list.
[Package Manager] Done registering packages in 0,00s seconds
Refreshing native plugins compatible for Editor in 29,75 ms, found 1 plugins.
Preloading 0 native plugins for Editor in 0,00 ms.
Initialize engine version: 2019.2.17f1 (8e603399ca02)
[XR] Discovering subsystems at path /home/louis/Unity/Hub/Editor/2019.2.17f1/Editor/Data/Resources/UnitySubsystems
[XR] Discovering subsystems at path /home/louis/Documents/unity/Erutan/Assets
GLX Extensions: GLX_ARB_create_context GLX_ARB_create_context_profile GLX_ARB_create_context_robustness GLX_ARB_fbconfig_float GLX_ARB_framebuffer_sRGB GLX_ARB_get_proc_address GLX_ARB_multisample GLX_EXT_buffer_age GLX_EXT_create_context_es2_profile GLX_EXT_create_context_es_profile GLX_EXT_fbconfig_packed_float GLX_EXT_framebuffer_sRGB GLX_EXT_import_context GLX_EXT_texture_from_pixmap GLX_EXT_visual_info GLX_EXT_visual_rating GLX_INTEL_swap_event GLX_MESA_copy_sub_buffer GLX_MESA_query_renderer GLX_MESA_swap_control GLX_OML_swap_method GLX_OML_sync_control GLX_SGIS_multisample GLX_SGIX_fbconfig GLX_SGIX_pbuffer GLX_SGIX_visual_select_group GLX_SGI_make_current_read GLX_SGI_swap_control GLX_SGI_video_sync 
Renderer: AMD RAVEN (DRM 3.27.0, 5.0.0-38-generic, LLVM 8.0.0)
Vendor:   X.Org
Version:  4.5 (Core Profile) Mesa 19.0.8
GLES:     0
 GL_AMD_conservative_depth GL_AMD_depth_clamp_separate GL_AMD_draw_buffers_blend GL_AMD_framebuffer_multisample_advanced GL_AMD_gpu_shader_int64 GL_AMD_multi_draw_indirect GL_AMD_performance_monitor GL_AMD_pinned_memory GL_AMD_query_buffer_object GL_AMD_seamless_cubemap_per_texture GL_AMD_shader_stencil_export GL_AMD_shader_trinary_minmax GL_AMD_texture_texture4 GL_AMD_vertex_shader_layer GL_AMD_vertex_shader_viewport_index GL_ANGLE_texture_compression_dxt3 GL_ANGLE_texture_compression_dxt5 GL_ARB_ES2_compatibility GL_ARB_ES3_1_compatibility GL_ARB_ES3_2_compatibility GL_ARB_ES3_compatibility GL_ARB_arrays_of_arrays GL_ARB_base_instance GL_ARB_bindless_texture GL_ARB_blend_func_extended GL_ARB_buffer_storage GL_ARB_clear_buffer_object GL_ARB_clear_texture GL_ARB_clip_control GL_ARB_color_buffer_float GL_ARB_compressed_texture_pixel_storage GL_ARB_compute_shader GL_ARB_compute_variable_group_size GL_ARB_conditional_render_inverted GL_ARB_conservative_depth GL_ARB_copy_buffer GL_ARB_copy_image GL_ARB_cull_dist
ance GL_ARB_debug_output GL_ARB_depth_buffer_float GL_ARB_depth_clamp GL_ARB_derivative_control GL_ARB_direct_state_access GL_ARB_draw_buffers GL_ARB_draw_buffers_blend GL_ARB_draw_elements_base_vertex GL_ARB_draw_indirect GL_ARB_draw_instanced GL_ARB_enhanced_layouts GL_ARB_explicit_attrib_location GL_ARB_explicit_uniform_location GL_ARB_fragment_coord_conventions GL_ARB_fragment_layer_viewport GL_ARB_fragment_shader GL_ARB_framebuffer_no_attachments GL_ARB_framebuffer_object GL_ARB_framebuffer_sRGB GL_ARB_get_program_binary GL_ARB_get_texture_sub_image GL_ARB_gpu_shader5 GL_ARB_gpu_shader_fp64 GL_ARB_gpu_shader_int64 GL_ARB_half_float_pixel GL_ARB_half_float_vertex GL_ARB_indirect_parameters GL_ARB_instanced_arrays GL_ARB_internalformat_query GL_ARB_internalformat_query2 GL_ARB_invalidate_subdata GL_ARB_map_buffer_alignment GL_ARB_map_buffer_range GL_ARB_multi_bind GL_ARB_multi_draw_indirect GL_ARB_occlusion_query2 GL_ARB_pipeline_statistics_query GL_ARB_pixel_buffer_object GL_ARB_point_sprite GL_ARB_polyg
on_offset_clamp GL_ARB_program_interface_query GL_ARB_provoking_vertex GL_ARB_query_buffer_object GL_ARB_robust_buffer_access_behavior GL_ARB_robustness GL_ARB_sample_shading GL_ARB_sampler_objects GL_ARB_seamless_cube_map GL_ARB_seamless_cubemap_per_texture GL_ARB_separate_shader_objects GL_ARB_shader_atomic_counter_ops GL_ARB_shader_atomic_counters GL_ARB_shader_ballot GL_ARB_shader_bit_encoding GL_ARB_shader_clock GL_ARB_shader_draw_parameters GL_ARB_shader_group_vote GL_ARB_shader_image_load_store GL_ARB_shader_image_size GL_ARB_shader_objects GL_ARB_shader_precision GL_ARB_shader_stencil_export GL_ARB_shader_storage_buffer_object GL_ARB_shader_subroutine GL_ARB_shader_texture_image_samples GL_ARB_shader_texture_lod GL_ARB_shader_viewport_layer_array GL_ARB_shading_language_420pack GL_ARB_shading_language_packing GL_ARB_stencil_texturing GL_ARB_sync GL_ARB_tessellation_shader GL_ARB_texture_barrier GL_ARB_texture_buffer_object GL_ARB_texture_buffer_object_rgb32 GL_ARB_texture_buffer_range GL_ARB_texture_
compression_bptc GL_ARB_texture_compression_rgtc GL_ARB_texture_cube_map_array GL_ARB_texture_filter_anisotropic GL_ARB_texture_float GL_ARB_texture_gather GL_ARB_texture_mirror_clamp_to_edge GL_ARB_texture_multisample GL_ARB_texture_non_power_of_two GL_ARB_texture_query_levels GL_ARB_texture_query_lod GL_ARB_texture_rectangle GL_ARB_texture_rg GL_ARB_texture_rgb10_a2ui GL_ARB_texture_stencil8 GL_ARB_texture_storage GL_ARB_texture_storage_multisample GL_ARB_texture_swizzle GL_ARB_texture_view GL_ARB_timer_query GL_ARB_transform_feedback2 GL_ARB_transform_feedback3 GL_ARB_transform_feedback_instanced GL_ARB_transform_feedback_overflow_query GL_ARB_uniform_buffer_object GL_ARB_vertex_array_bgra GL_ARB_vertex_array_object GL_ARB_vertex_attrib_64bit GL_ARB_vertex_attrib_binding GL_ARB_vertex_buffer_object GL_ARB_vertex_shader GL_ARB_vertex_type_10f_11f_11f_rev GL_ARB_vertex_type_2_10_10_10_rev GL_ARB_viewport_array GL_ATI_blend_equation_separate GL_ATI_meminfo GL_ATI_texture_float GL_ATI_texture_mirror_once GL_E
XT_abgr GL_EXT_blend_equation_separate GL_EXT_depth_bounds_test GL_EXT_draw_buffers2 GL_EXT_draw_instanced GL_EXT_framebuffer_blit GL_EXT_framebuffer_multisample GL_EXT_framebuffer_multisample_blit_scaled GL_EXT_framebuffer_object GL_EXT_framebuffer_sRGB GL_EXT_memory_object GL_EXT_memory_object_fd GL_EXT_packed_depth_stencil GL_EXT_packed_float GL_EXT_pixel_buffer_object GL_EXT_polygon_offset_clamp GL_EXT_provoking_vertex GL_EXT_semaphore GL_EXT_semaphore_fd GL_EXT_shader_integer_mix GL_EXT_texture_array GL_EXT_texture_compression_dxt1 GL_EXT_texture_compression_rgtc GL_EXT_texture_compression_s3tc GL_EXT_texture_filter_anisotropic GL_EXT_texture_integer GL_EXT_texture_mirror_clamp GL_EXT_texture_sRGB GL_EXT_texture_sRGB_decode GL_EXT_texture_shared_exponent GL_EXT_texture_snorm GL_EXT_texture_swizzle GL_EXT_timer_query GL_EXT_transform_feedback GL_EXT_vertex_array_bgra GL_EXT_vertex_attrib_64bit GL_EXT_window_rectangles GL_IBM_multimode_draw_arrays GL_KHR_blend_equation_advanced GL_KHR_context_flush_contro
l GL_KHR_debug GL_KHR_no_error GL_KHR_robust_buffer_access_behavior GL_KHR_robustness GL_KHR_texture_compression_astc_ldr GL_KHR_texture_compression_astc_sliced_3d GL_MESA_pack_invert GL_MESA_shader_integer_functions GL_MESA_texture_signed_rgba GL_NVX_gpu_memory_info GL_NV_conditional_render GL_NV_depth_clamp GL_NV_packed_depth_stencil GL_NV_texture_barrier GL_NV_vdpau_interop GL_OES_EGL_image GL_S3_s3tc
OPENGL LOG: Creating OpenGL 4.5 graphics device ; Context level  <OpenGL 4.5> ; Context handle -664043520
[EnlightenBakeManager] m_Clear = false;
Initialize mono
Mono path[0] = '/home/louis/Unity/Hub/Editor/2019.2.17f1/Editor/Data/Managed'
Mono path[1] = '/home/louis/Unity/Hub/Editor/2019.2.17f1/Editor/Data/MonoBleedingEdge/lib/mono/unityjit'
Mono config path = '/home/louis/Unity/Hub/Editor/2019.2.17f1/Editor/Data/MonoBleedingEdge/etc'
Using monoOptions --debugger-agent=transport=dt_socket,embedding=1,server=y,suspend=n,address=127.0.0.1:56211
Begin MonoManager ReloadAssembly
Registering precompiled unity dll's ...
Register platform support module: /home/louis/Unity/Hub/Editor/2019.2.17f1/Editor/Data/PlaybackEngines/LinuxStandaloneSupport/UnityEditor.LinuxStandalone.Extensions.dll
Register platform support module: /home/louis/Unity/Hub/Editor/2019.2.17f1/Editor/Data/PlaybackEngines/AndroidPlayer/UnityEditor.Android.Extensions.dll
Registered in 0,003897 seconds.
Native extension for Android target not found
Native extension for LinuxStandalone target not found
Refreshing native plugins compatible for Editor in 0,39 ms, found 1 plugins.
Preloading 0 native plugins for Editor in 0,00 ms.
Mono: successfully reloaded assembly
- Completed reload, in  2,086 seconds
Registering precompiled user dll's ...
Registered in 0,057706 seconds.
Platform modules already initialized, skipping
Begin MonoManager ReloadAssembly
Symbol file LoadedFromMemory doesn't match image /home/louis/Documents/unity/Erutan/Library/PackageCache/com.unity.ext.nunit@1.0.0/net35/unity-custom/nunit.framework.dll
Native extension for Android target not found
Native extension for LinuxStandalone target not found
Refreshing native plugins compatible for Editor in 0,38 ms, found 1 plugins.
Preloading 0 native plugins for Editor in 0,00 ms.
Mono: successfully reloaded assembly
- Completed reload, in  0,729 seconds
Platform modules already initialized, skipping
Validating Project structure ... 0,002054 seconds.
Refresh: detecting if any assets need to be imported or removed ...

Hashing assets (3 files)... 0,001 seconds
  file read: 0,001 seconds (0,005 MB)
  wait for write: 0,000 seconds (I/O thread blocked by consumer, aka CPU bound)
  wait for read: 0,001 seconds (CPUT thread waiting for I/O thread, aka disk bound)
  hash: 0,000 seconds
----- Compute hash(es) for 3 asset(s).
----- Asset named Assets/protobuf/erutan.proto is skipped as no actual change.
----- Asset named Assets/protobuf/protometry/quaternionn.proto is skipped as no actual change.
----- Asset named Assets/protobuf/protometry/vectorn.proto is skipped as no actual change.

Refreshing native plugins compatible for Editor in 0,37 ms, found 1 plugins.
Preloading 0 native plugins for Editor in 0,00 ms.
Refresh: detecting if any assets need to be imported or removed ...

Refresh Completed time: 0,018472s
	Asset Scan time: 0,018167s
	Asset Hashing: 0,000000s [0 B, 0,000000 mb/s]
	Asset Import (Scripting) time: 0,000000s (count: 0)
	Post Processs Assets (Scripting) time: 0,000000s
	Asset Rehashing: 0,000000s [0 B, 0,000000 mb/s]
	Asset Import (Non Scripting) time: 0,000000s (count: 0)
	Post Process Assets (Non Scripting) time: 0,000000s
	Dependent Assets to Import Queue time: 0,000000s

Launched and connected shader compiler UnityShaderCompiler after 0.05 seconds
./Editor/Platform/Linux/UsbDevices.cpp:UsbDevicesQuery
Warming cache for 1366 main assets: 0,004354 seconds elapsed
Initializing Unity extensions:
 '/home/louis/Unity/Hub/Editor/2019.2.17f1/Editor/Data/UnityExtensions/Unity/UnityVR/Editor/UnityEditor.VR.dll'  GUID: 4ba2329b63d54f0187bcaa12486b1b0f
UpdateMenuTitleForLanguage: 10
Unloading 943 Unused Serialized files (Serialized files now loaded: 0)
System memory in use before: 42,8 MB.
System memory in use after: 42,4 MB.

Unloading 96 unused Assets to reduce memory usage. Loaded Objects now: 1359.
Total: 5,279393 ms (FindLiveObjects: 0,518324 ms CreateObjectMapping: 0,055354 ms MarkObjects: 3,366929 ms  DeleteObjects: 1,334919 ms)

Refreshing native plugins compatible for Editor in 4,59 ms, found 1 plugins.
Updating ProjectSettings/UnityConnectSettings.asset - GUID: 0000000000000000a100000000000000...
 done. [Time: 21,823238 ms] 
Refreshing native plugins compatible for Editor in 0,39 ms, found 1 plugins.
Preloading 0 native plugins for Editor in 0,00 ms.
[ScriptCompilation] Recompiling all scripts because: Recompiling scripts for player build.
BuildPlayer: start building target 24
- Starting compile Library/PlayerScriptAssemblies/UnityEngine.TestRunner.dll
- Starting compile Library/PlayerScriptAssemblies/UnityEngine.UI.dll
- Finished compile Library/PlayerScriptAssemblies/UnityEngine.TestRunner.dll
- Finished compile Library/PlayerScriptAssemblies/UnityEngine.UI.dll
- Starting compile Library/PlayerScriptAssemblies/Unity.TextMeshPro.dll
- Starting compile Library/PlayerScriptAssemblies/Unity.Timeline.dll
- Finished compile Library/PlayerScriptAssemblies/Unity.Timeline.dll
- Finished compile Library/PlayerScriptAssemblies/Unity.TextMeshPro.dll
- Starting compile Library/PlayerScriptAssemblies/Assembly-CSharp.dll
- Finished compile Library/PlayerScriptAssemblies/Assembly-CSharp.dll
Assets/Scripts/Sessions/Client.cs(135,28): warning CS1998: This async method lacks 'await' operators and will run synchronously. Consider using the 'await' operator to await non-blocking API calls, or 'await Task.Run(...)' to do CPU-bound work on a background thread.
Assets/Scripts/Sessions/Client.cs(43,40): warning CS0067: The event 'Client.ReceivedError' is never used
Assets/Scripts/Gameplay/UI/Stats.cs(13,45): warning CS0649: Field 'Stats.Life' is never assigned to, and will always have its default value null
Assets/Scripts/Sessions/Client.cs(48,24): warning CS0649: Field 'Client._token' is never assigned to, and will always have its default value null
Assets/Scripts/Gameplay/GameplayManager.cs(15,29): warning CS0067: The event 'GameplayManager.OnGameStarted' is never used
Assets/Scripts/Gameplay/UI/Parameters.cs(9,56): warning CS0649: Field 'Parameters.Label' is never assigned to, and will always have its default value null
Assets/Scripts/Gameplay/Entity/EntityManager.cs(13,28): warning CS0649: Field 'EntityManager.CubePrefab' is never assigned to, and will always have its default value null
Assets/Scripts/Gameplay/UI/Stats.cs(12,45): warning CS0649: Field 'Stats.Speed' is never assigned to, and will always have its default value null
DisplayProgressbar: Building Player
Opening scene 'Assets/Scenes/SampleScene.unity'
LightmapEditorSettings: switching bake backend from 1 to 0.
Unloading 35 Unused Serialized files (Serialized files now loaded: 0)
Loaded scene 'Assets/Scenes/SampleScene.unity'
	Deserialize:            123,523 ms
	Integration:            81,567 ms
	Integration of assets:  7,271 ms
	Thread Wait Time:       17,542 ms
	Total Operation Time:   229,903 ms
System memory in use before: 28,7 MB.
System memory in use after: 28,5 MB.

Unloading 34 unused Assets to reduce memory usage. Loaded Objects now: 1634.
Total: 14,783868 ms (FindLiveObjects: 0,530286 ms CreateObjectMapping: 0,052148 ms MarkObjects: 13,842979 ms  DeleteObjects: 0,356280 ms)

DisplayProgressbar: Mesh data optimization - Resolving used channels
Launched and connected shader compiler UnityShaderCompiler after 0.02 seconds
Launched and connected shader compiler UnityShaderCompiler after 0.02 seconds
Launched and connected shader compiler UnityShaderCompiler after 0.02 seconds
Launched and connected shader compiler UnityShaderCompiler after 0.02 seconds
Launched and connected shader compiler UnityShaderCompiler after 0.02 seconds
Launched and connected shader compiler UnityShaderCompiler after 0.02 seconds
Launched and connected shader compiler UnityShaderCompiler after 0.02 seconds
DisplayProgressbar: Building Player


Mono dependencies included in the build
Dependency assembly - System.Diagnostics.Debug.dll
Dependency assembly - System.Diagnostics.Tracing.dll
Dependency assembly - System.Globalization.dll
Dependency assembly - System.Reflection.dll
Dependency assembly - System.Resources.ResourceManager.dll
Dependency assembly - System.Runtime.Extensions.dll
Dependency assembly - System.Runtime.InteropServices.dll
Dependency assembly - System.Runtime.dll
Dependency assembly - System.Threading.dll
Dependency assembly - Mono.Posix.dll
Dependency assembly - Mono.Security.dll
Dependency assembly - System.ComponentModel.Composition.dll
Dependency assembly - System.Configuration.dll
Dependency assembly - System.Core.dll
Dependency assembly - System.Security.dll
Dependency assembly - System.Xml.dll
Dependency assembly - System.dll
Dependency assembly - mscorlib.dll
Dependency assembly - Google.Protobuf.dll
Dependency assembly - Grpc.Core.Api.dll
Dependency assembly - Grpc.Core.dll
Dependency assembly - System.Buffers.dll
Dependency assembly - System.Memory.dll
Dependency assembly - System.Runtime.CompilerServices.Unsafe.dll
Dependency assembly - Assembly-CSharp.dll
Dependency assembly - Unity.TextMeshPro.dll
Dependency assembly - Unity.Timeline.dll
Dependency assembly - UnityEngine.UI.dll

Unloading 45 Unused Serialized files (Serialized files now loaded: 0)
System memory in use before: 33,6 MB.
System memory in use after: 33,1 MB.

Unloading 55 unused Assets to reduce memory usage. Loaded Objects now: 1409.
Total: 11,348821 ms (FindLiveObjects: 0,423887 ms CreateObjectMapping: 0,042099 ms MarkObjects: 10,092169 ms  DeleteObjects: 0,788592 ms)

[EnlightenBakeManager] m_Clear = false;
Setting up 4 worker threads for Enlighten.
  Thread -> id: 7f34edd4f700 -> priority: 1 
  Thread -> id: 7f34ed54e700 -> priority: 1 
  Thread -> id: 7f34ecd4d700 -> priority: 1 
  Thread -> id: 7f34ec54c700 -> priority: 1 
Unloading 0 Unused Serialized files (Serialized files now loaded: 0)
System memory in use before: 31,2 MB.
System memory in use after: 31,4 MB.

Unloading 0 unused Assets to reduce memory usage. Loaded Objects now: 1417.
Total: 12,566740 ms (FindLiveObjects: 0,627459 ms CreateObjectMapping: 0,073408 ms MarkObjects: 11,849452 ms  DeleteObjects: 0,013415 ms)

WARNING: Shader Unsupported: 'AR/TangoARRender' - Pass '' has no vertex shader
WARNING: Shader Unsupported: 'AR/TangoARRender' - Setting to default shader.
Unloading 1 Unused Serialized files (Serialized files now loaded: 0)
System memory in use before: 115,6 MB.
System memory in use after: 31,5 MB.

Unloading 158 unused Assets to reduce memory usage. Loaded Objects now: 1409.
Total: 28,364794 ms (FindLiveObjects: 0,420150 ms CreateObjectMapping: 0,045375 ms MarkObjects: 9,803917 ms  DeleteObjects: 18,092537 ms)

DisplayProgressbar: Compiling shader variants
DisplayProgressbar: Building Player
DisplayProgressbar: Compiling shader variants
DisplayProgressbar: Building Player

-------------------------------------------------------------------------------
Build Report
Uncompressed usage by category (Percentages based on user generated assets only):
Textures               1,4 mb	 8,9% 
Meshes                 0,0 kb	 0,0% 
Animations             0,0 kb	 0,0% 
Sounds                 0,0 kb	 0,0% 
Shaders                490,1 kb	 3,1% 
Other Assets           389,9 kb	 2,4% 
Levels                 30,3 kb	 0,2% 
Scripts                1,7 mb	 11,1% 
Included DLLs          11,6 mb	 74,1% 
File headers           16,7 kb	 0,1% 
Total User Assets      15,6 mb	 100,0% 
Complete build size    24,3 mb
Used Assets and files from the Resources folder, sorted by uncompressed size:
 1,0 mb	 4,2% Assets/Plugins/TextMesh Pro/Resources/Fonts & Materials/LiberationSans SDF.asset
 344,4 kb	 1,4% Assets/Plugins/TextMesh Pro/Fonts/LiberationSans.ttf
 341,5 kb	 1,4% Assets/Plugins/TextMesh Pro/Sprites/EmojiOne.png
 267,1 kb	 1,1% Resources/unity_builtin_extra
 83,1 kb	 0,3% Assets/Plugins/TextMesh Pro/Resources/Shaders/TMP_SDF-Surface.shader
 34,1 kb	 0,1% Assets/Plugins/TextMesh Pro/Resources/Shaders/TMP_SDF-Mobile.shader
 31,3 kb	 0,1% Assets/Plugins/TextMesh Pro/Resources/Shaders/TMP_SDF-Surface-Mobile.shader
 23,2 kb	 0,1% Assets/Plugins/TextMesh Pro/Resources/Shaders/TMP_SDF.shader
 23,2 kb	 0,1% Assets/Plugins/TextMesh Pro/Resources/Shaders/TMP_SDF Overlay.shader
 20,1 kb	 0,1% Assets/Plugins/TextMesh Pro/Resources/Shaders/TMP_SDF-Mobile Masking.shader
 17,1 kb	 0,1% Assets/Plugins/TextMesh Pro/Resources/Shaders/TMP_SDF-Mobile Overlay.shader
 14,9 kb	 0,1% Assets/Plugins/TextMesh Pro/Resources/Shaders/TMP_Bitmap-Mobile.shader
 12,4 kb	 0,0% Assets/Plugins/TextMesh Pro/Resources/Shaders/TMP_Bitmap.shader
 11,8 kb	 0,0% Assets/Plugins/TextMesh Pro/Resources/Shaders/TMP_Bitmap-Custom-Atlas.shader
 9,2 kb	 0,0% Assets/Plugins/TextMesh Pro/Resources/Shaders/TMP_Sprite.shader
 3,2 kb	 0,0% Assets/Plugins/TextMesh Pro/Resources/Fonts & Materials/LiberationSans SDF - Fallback.asset
 3,1 kb	 0,0% Assets/Plugins/TextMesh Pro/Resources/Sprite Assets/EmojiOne.asset
 2,1 kb	 0,0% Assets/Plugins/TextMesh Pro/Resources/Style Sheets/Default Style Sheet.asset
 1,6 kb	 0,0% Assets/Plugins/TextMesh Pro/Resources/Fonts & Materials/LiberationSans SDF - Drop Shadow.mat
 1,5 kb	 0,0% Assets/Plugins/TextMesh Pro/Resources/Fonts & Materials/LiberationSans SDF - Outline.mat
 0,9 kb	 0,0% Assets/Graphics/Materials/Red.mat
 0,4 kb	 0,0% Assets/Prefabs/Cube.prefab
 0,3 kb	 0,0% Assets/Plugins/TextMesh Pro/Resources/LineBreaking Following Characters.txt
 0,2 kb	 0,0% Assets/Plugins/TextMesh Pro/Resources/TMP Settings.asset
 0,2 kb	 0,0% Packages/com.unity.test-framework/UnityEngine.TestRunner/NUnitExtensions/Runner/RestoreTestContextAfterDomainReload.cs
 0,2 kb	 0,0% Packages/com.unity.ugui/Tests/Runtime/Canvas/RectMask2DWithNestedCanvasCullsUsingCorrectCanvasRect.cs
 0,2 kb	 0,0% Packages/com.unity.test-framework/UnityEngine.TestRunner/NUnitExtensions/Runner/UnityLogCheckDelegatingCommand.cs
 0,2 kb	 0,0% Packages/com.unity.timeline/Runtime/AssetUpgrade/AnimationPlayableAssetUpgrade.cs
 0,2 kb	 0,0% Packages/com.unity.test-framework/UnityEngine.TestRunner/NUnitExtensions/Runner/UnityTestExecutionContext.cs
 0,2 kb	 0,0% Packages/com.unity.test-framework/UnityEngine.TestRunner/NUnitExtensions/Commands/EnumerableApplyChangesToContextCommand.cs
 0,2 kb	 0,0% Packages/com.unity.test-framework/UnityEngine.TestRunner/Utils/Vector4ComparerWithEqualsOperator.cs
 0,2 kb	 0,0% Packages/com.unity.test-framework/UnityEngine.TestRunner/Utils/Vector3ComparerWithEqualsOperator.cs
 0,2 kb	 0,0% Packages/com.unity.test-framework/UnityEngine.TestRunner/Utils/Vector2ComparerWithEqualsOperator.cs
 0,2 kb	 0,0% Packages/com.unity.test-framework/UnityEngine.TestRunner/TestRunner/RemoteHelpers/RemoteTestResultDataWithTestData.cs
 0,2 kb	 0,0% Packages/com.unity.test-framework/UnityEngine.TestRunner/TestRunner/Callbacks/TestResultRendererCallback.cs
 0,2 kb	 0,0% Packages/com.unity.test-framework/UnityEngine.TestRunner/TestRunner/PlaymodeTestsControllerSettings.cs
 0,2 kb	 0,0% Packages/com.unity.test-framework/UnityEngine.TestRunner/NUnitExtensions/Runner/UnityWorkItemDataHolder.cs
 0,2 kb	 0,0% Packages/com.unity.test-framework/UnityEngine.TestRunner/NUnitExtensions/Runner/UnityTestAssemblyRunner.cs
 0,2 kb	 0,0% Packages/com.unity.test-framework/UnityEngine.TestRunner/NUnitExtensions/Runner/PlaymodeWorkItemFactory.cs
 0,2 kb	 0,0% Packages/com.unity.test-framework/UnityEngine.TestRunner/NUnitExtensions/Runner/CoroutineTestWorkItem.cs
 0,2 kb	 0,0% Packages/com.unity.test-framework/UnityEngine.TestRunner/NUnitExtensions/Filters/CategoryFilterExtended.cs
 0,2 kb	 0,0% Packages/com.unity.test-framework/UnityEngine.TestRunner/Assertions/UnexpectedLogMessageException.cs
 0,2 kb	 0,0% Packages/com.unity.test-framework/UnityEngine.TestRunner/TestRunner/RemoteHelpers/RemoteTestResultDataFactory.cs
 0,2 kb	 0,0% Packages/com.unity.test-framework/UnityEngine.TestRunner/TestRunner/RemoteHelpers/PlayerConnectionMessageIds.cs
 0,2 kb	 0,0% Packages/com.unity.test-framework/UnityEngine.TestRunner/TestRunner/Callbacks/RemoteTestResultSender.cs
 0,2 kb	 0,0% Packages/com.unity.test-framework/UnityEngine.TestRunner/TestRunner/Callbacks/PlayModeRunnerCallback.cs
 0,2 kb	 0,0% Packages/com.unity.test-framework/UnityEngine.TestRunner/Assertions/AllocatingGCMemoryConstraint.cs
 0,1 kb	 0,0% Packages/com.unity.test-framework/UnityEngine.TestRunner/NUnitExtensions/UnityTestAssemblyBuilder.cs
 0,1 kb	 0,0% Packages/com.unity.test-framework/UnityEngine.TestRunner/NUnitExtensions/Runner/DefaultTestWorkItem.cs
 0,1 kb	 0,0% Packages/com.unity.test-framework/UnityEngine.TestRunner/NUnitExtensions/Runner/CompositeWorkItem.cs
 0,1 kb	 0,0% Packages/com.unity.test-framework/UnityEngine.TestRunner/NUnitExtensions/Filters/AssemblyNameFilter.cs
 0,1 kb	 0,0% Packages/com.unity.test-framework/UnityEngine.TestRunner/NUnitExtensions/Commands/EnumerableSetUpTearDownCommand.cs
 0,1 kb	 0,0% Packages/com.unity.test-framework/UnityEngine.TestRunner/Assertions/UnityTestTimeoutException.cs
 0,1 kb	 0,0% Packages/com.unity.test-framework/UnityEngine.TestRunner/Assertions/UnhandledLogMessageException.cs
 0,1 kb	 0,0% Packages/com.unity.test-framework/UnityEngine.TestRunner/Assertions/InvalidSignatureException.cs
 0,1 kb	 0,0% Packages/com.unity.ugui/Tests/Runtime/Canvas/CanvasScalerWithChildTextObjectDoesNotCrash.cs
 0,1 kb	 0,0% Packages/com.unity.test-framework/UnityEngine.TestRunner/Utils/QuaternionEqualityComparer.cs
 0,1 kb	 0,0% Packages/com.unity.test-framework/UnityEngine.TestRunner/Utils/AssemblyProvider/PlayerTestAssemblyProvider.cs
 0,1 kb	 0,0% Packages/com.unity.test-framework/UnityEngine.TestRunner/TestRunner/Callbacks/TestResultRenderer.cs
 0,1 kb	 0,0% Packages/com.unity.test-framework/UnityEngine.TestRunner/Utils/PostBuildCleanupAttribute.cs
 0,1 kb	 0,0% Packages/com.unity.test-framework/UnityEngine.TestRunner/TestRunner/TestEnumeratorWrapper.cs
 0,1 kb	 0,0% Packages/com.unity.test-framework/UnityEngine.TestRunner/TestRunner/PlaymodeTestsController.cs
 0,1 kb	 0,0% Packages/com.unity.test-framework/UnityEngine.TestRunner/NUnitExtensions/TestResultExtensions.cs
 0,1 kb	 0,0% Packages/com.unity.test-framework/UnityEngine.TestRunner/NUnitExtensions/Runner/WorkItemFactory.cs
 0,1 kb	 0,0% Packages/com.unity.test-framework/UnityEngine.TestRunner/NUnitExtensions/Runner/UnityWorkItem.cs
 0,1 kb	 0,0% Packages/com.unity.test-framework/UnityEngine.TestRunner/NUnitExtensions/ConstructDelegator.cs
 0,1 kb	 0,0% Packages/com.unity.test-framework/UnityEngine.TestRunner/NUnitExtensions/Commands/OuterUnityTestActionCommand.cs
 0,1 kb	 0,0% Packages/com.unity.test-framework/UnityEngine.TestRunner/NUnitExtensions/Commands/ImmediateEnumerableCommand.cs
 0,1 kb	 0,0% Packages/com.unity.test-framework/UnityEngine.TestRunner/NUnitExtensions/Commands/EnumerableTestMethodCommand.cs
 0,1 kb	 0,0% Packages/com.unity.test-framework/UnityEngine.TestRunner/NUnitExtensions/Commands/BeforeAfterTestCommandState.cs
 0,1 kb	 0,0% Packages/com.unity.test-framework/UnityEngine.TestRunner/NUnitExtensions/Attributes/UnityCombinatorialStrategy.cs
 0,1 kb	 0,0% Assets/Plugins/TextMesh Pro/Resources/LineBreaking Leading Characters.txt
 0,1 kb	 0,0% Packages/com.unity.ugui/Tests/Runtime/NestedLayout/SceneWithNestedLayoutElementsLoadScript.cs
 0,1 kb	 0,0% Packages/com.unity.ugui/Tests/Runtime/EventSystem/GraphicRaycasterWorldSpaceCanvasTests.cs
 0,1 kb	 0,0% Packages/com.unity.ugui/Tests/Runtime/Canvas/NoActiveCameraInSceneDoesNotCrashEditor.cs
 0,1 kb	 0,0% Packages/com.unity.ugui/Tests/Runtime/Canvas/CanvasSizeCorrectInAwakeAndStartScript.cs
 0,1 kb	 0,0% Packages/com.unity.timeline/Runtime/Animation/AnimationOutputWeightProcessor.cs
 0,1 kb	 0,0% Packages/com.unity.test-framework/UnityEngine.TestRunner/Utils/Vector4EqualityComparer.cs
 0,1 kb	 0,0% Packages/com.unity.test-framework/UnityEngine.TestRunner/Utils/Vector3EqualityComparer.cs
 0,1 kb	 0,0% Packages/com.unity.test-framework/UnityEngine.TestRunner/Utils/Vector2EqualityComparer.cs
 0,1 kb	 0,0% Packages/com.unity.test-framework/UnityEngine.TestRunner/Utils/FloatEqualityComparer.cs
 0,1 kb	 0,0% Packages/com.unity.test-framework/UnityEngine.TestRunner/Utils/ColorEqualityComparer.cs
 0,1 kb	 0,0% Packages/com.unity.test-framework/UnityEngine.TestRunner/Utils/AssemblyProvider/ScriptingRuntimeProxy.cs
 0,1 kb	 0,0% Packages/com.unity.test-framework/UnityEngine.TestRunner/TestRunner/RemoteHelpers/RemoteTestResultData.cs
 0,1 kb	 0,0% Packages/com.unity.ugui/Runtime/UI/Core/Layout/HorizontalOrVerticalLayoutGroup.cs
 0,1 kb	 0,0% Packages/com.unity.test-framework/UnityEngine.TestRunner/TestRunner/TestListenerWrapper.cs
 0,1 kb	 0,0% Packages/com.unity.test-framework/UnityEngine.TestRunner/NUnitExtensions/TestExtensions.cs
 0,1 kb	 0,0% Packages/com.unity.test-framework/UnityEngine.TestRunner/NUnitExtensions/Runner/FailCommand.cs
 0,1 kb	 0,0% Packages/com.unity.test-framework/UnityEngine.TestRunner/NUnitExtensions/BaseDelegator.cs
 0,1 kb	 0,0% Packages/com.unity.test-framework/UnityEngine.TestRunner/NUnitExtensions/Attributes/UnityTearDownAttribute.cs
 0,1 kb	 0,0% Packages/com.unity.test-framework/UnityEngine.TestRunner/NUnitExtensions/Attributes/UnityPlatformAttribute.cs
 0,1 kb	 0,0% Packages/com.unity.test-framework/UnityEngine.TestRunner/NUnitExtensions/ActionDelegator.cs
 0,1 kb	 0,0% Packages/com.unity.ugui/Tests/Runtime/NestedLayout/SceneWithNestedLayoutElementsLoads.cs
 0,1 kb	 0,0% Packages/com.unity.ugui/Tests/Runtime/Canvas/CoroutineWorksIfUIObjectIsAttached.cs
 0,1 kb	 0,0% Packages/com.unity.timeline/Runtime/Playables/TimeNotificationBehaviour.cs
 0,1 kb	 0,0% Packages/com.unity.timeline/Runtime/Playables/ActivationControlPlayable.cs
 0,1 kb	 0,0% Packages/com.unity.test-framework/UnityEngine.TestRunner/Utils/AssemblyProvider/AssemblyLoadProxy.cs
 0,1 kb	 0,0% Packages/com.unity.test-framework/UnityEngine.TestRunner/TestRunner/TestRunnerFilter.cs
 0,1 kb	 0,0% Packages/com.unity.test-framework/UnityEngine.TestRunner/TestRunner/RemoteHelpers/RemoteTestData.cs
 0,1 kb	 0,0% Assets/Scripts/Utils/UnityMainThreadDispatcher.cs
 0,1 kb	 0,0% Packages/com.unity.ugui/Tests/Runtime/Util/UIBehaviourExtensions.cs
 0,1 kb	 0,0% Packages/com.unity.ugui/Runtime/EventSystem/InputModules/StandaloneInputModule.cs
 0,1 kb	 0,0% Packages/com.unity.timeline/Runtime/AssetUpgrade/AnimationTrackUpgrade.cs
 0,1 kb	 0,0% Packages/com.unity.test-framework/UnityEngine.TestRunner/TestRunner/Messages/IEditModeTestYieldInstruction.cs
 0,1 kb	 0,0% Packages/com.unity.test-framework/UnityEngine.TestRunner/NUnitExtensions/Commands/TestCommandPcHelper.cs
 0,1 kb	 0,0% Packages/com.unity.test-framework/UnityEngine.TestRunner/NUnitExtensions/Commands/TestActionCommand.cs
 0,1 kb	 0,0% Packages/com.unity.test-framework/UnityEngine.TestRunner/NUnitExtensions/Commands/SetUpTearDownCommand.cs
 0,1 kb	 0,0% Packages/com.unity.test-framework/UnityEngine.TestRunner/NUnitExtensions/Attributes/UnityTestAttribute.cs
 0,1 kb	 0,0% Packages/com.unity.test-framework/UnityEngine.TestRunner/NUnitExtensions/Attributes/UnitySetUpAttribute.cs
 0,1 kb	 0,0% Packages/com.unity.ugui/Tests/Runtime/Canvas/RectTransformValidAfterEnable.cs
 0,1 kb	 0,0% Packages/com.unity.ugui/Tests/Runtime/Canvas/NestedCanvasMaintainsCorrectSize.cs
 0,1 kb	 0,0% Packages/com.unity.ugui/Tests/Runtime/Canvas/CheckMeshColorsAndColors32Match.cs
 0,1 kb	 0,0% Packages/com.unity.ugui/Tests/Runtime/Canvas/CanvasSizeCorrectInAwakeAndStart.cs
 0,1 kb	 0,0% Packages/com.unity.ugui/Tests/Runtime/Canvas/BridgeScriptForRetainingObjects.cs
 0,1 kb	 0,0% Packages/com.unity.timeline/Tests/PlayMode/TimelinePlaymodeTests.cs
 0,1 kb	 0,0% Packages/com.unity.timeline/Runtime/Utilities/TimelineCreateUtilities.cs
 0,1 kb	 0,0% Packages/com.unity.timeline/Runtime/Utilities/NotificationUtilities.cs
 0,1 kb	 0,0% Packages/com.unity.timeline/Runtime/Playables/PrefabControlPlayable.cs
 0,1 kb	 0,0% Packages/com.unity.timeline/Runtime/Playables/ParticleControlPlayable.cs
 0,1 kb	 0,0% Packages/com.unity.timeline/Runtime/Playables/DirectorControlPlayable.cs
 0,1 kb	 0,0% Packages/com.unity.timeline/Runtime/Events/Signals/CustomSignalEventDrawer.cs
 0,1 kb	 0,0% Packages/com.unity.timeline/Runtime/Animation/AnimationPlayableAsset.cs
 0,1 kb	 0,0% Packages/com.unity.timeline/Runtime/Activation/ActivationPlayableAsset.cs
 0,1 kb	 0,0% Packages/com.unity.timeline/Runtime/Activation/ActivationMixerPlayable.cs
 0,1 kb	 0,0% Packages/com.unity.textmeshpro/Scripts/Runtime/TMP_ScrollbarEventHandler.cs
 0,1 kb	 0,0% Packages/com.unity.textmeshpro/Scripts/Runtime/TMP_PackageResourceImporter.cs
 0,1 kb	 0,0% Packages/com.unity.textmeshpro/Scripts/Runtime/TMP_EditorResourceManager.cs
 0,1 kb	 0,0% Packages/com.unity.test-framework/UnityEngine.TestRunner/Utils/CoroutineRunner.cs
 0,1 kb	 0,0% Packages/com.unity.test-framework/UnityEngine.TestRunner/Utils/AssemblyProvider/AssemblyWrapper.cs
 0,1 kb	 0,0% Packages/com.unity.ugui/Tests/Runtime/Util/GraphicTestHelper.cs
 0,1 kb	 0,0% Packages/com.unity.ugui/Tests/Runtime/Util/ExceptionUtils.cs
 0,1 kb	 0,0% Packages/com.unity.ugui/Tests/Runtime/Layout/VerticalLayoutGroupTests.cs
 0,1 kb	 0,0% Packages/com.unity.ugui/Tests/Runtime/Layout/ContentSizeFitterTests.cs
 0,1 kb	 0,0% Packages/com.unity.ugui/Runtime/UI/Core/Utility/ReflectionMethodsCache.cs
 0,1 kb	 0,0% Packages/com.unity.ugui/Runtime/UI/Core/MultipleDisplayUtilities.cs
 0,1 kb	 0,0% Packages/com.unity.ugui/Runtime/UI/Core/Layout/HorizontalLayoutGroup.cs
 0,1 kb	 0,0% Packages/com.unity.ugui/Runtime/UI/Core/GraphicRebuildTracker.cs
 0,1 kb	 0,0% Packages/com.unity.ugui/Runtime/UI/Core/Culling/RectangularVertexClipper.cs
 0,1 kb	 0,0% Packages/com.unity.ugui/Runtime/EventSystem/Raycasters/Physics2DRaycaster.cs
 0,1 kb	 0,0% Packages/com.unity.ugui/Runtime/EventSystem/InputModules/PointerInputModule.cs
 0,1 kb	 0,0% Packages/com.unity.test-framework/UnityEngine.TestRunner/Utils/PrebuildSceneSetupAttribute.cs
 0,1 kb	 0,0% Packages/com.unity.test-framework/UnityEngine.TestRunner/Utils/AttributeHelper.cs
 0,1 kb	 0,0% Packages/com.unity.test-framework/UnityEngine.TestRunner/TestRunner/RemoteHelpers/IRemoteTestResultDataFactory.cs
 0,1 kb	 0,0% Packages/com.unity.test-framework/UnityEngine.TestRunner/NUnitExtensions/Runner/IEnumerableTestMethodCommand.cs
 0,1 kb	 0,0% Packages/com.unity.test-framework/UnityEngine.TestRunner/NUnitExtensions/Commands/BeforeAfterTestCommandBase.cs
 0,1 kb	 0,0% Packages/com.unity.test-framework/UnityEngine.TestRunner/NUnitExtensions/Attributes/TestEnumerator.cs
 0,1 kb	 0,0% Assets/Scripts/Gameplay/Player/CameraController.cs
 0,1 kb	 0,0% Assets/Scripts/Gameplay/Network/TransformNetwork.cs
 0,1 kb	 0,0% Assets/Scripts/Gameplay/Entity/EntityManager.cs
 0,1 kb	 0,0% Packages/com.unity.ugui/Tests/Runtime/TextEditor/TextEditorBackspaceDelete.cs
 0,1 kb	 0,0% Packages/com.unity.ugui/Tests/Runtime/Layout/HorizonalLayoutGroupTests.cs
 0,1 kb	 0,0% Packages/com.unity.ugui/Tests/Runtime/Canvas/SiblingOrderChangesLayout.cs
 0,1 kb	 0,0% Packages/com.unity.ugui/Tests/Runtime/Canvas/CanvasGroupInheritedAlpha.cs
 0,1 kb	 0,0% Packages/com.unity.timeline/Runtime/Playables/TimeControlPlayable.cs
 0,1 kb	 0,0% Packages/com.unity.timeline/Runtime/Evaluation/ScheduleRuntimeClip.cs
 0,1 kb	 0,0% Packages/com.unity.timeline/Runtime/Evaluation/InfiniteRuntimeClip.cs
 0,1 kb	 0,0% Packages/com.unity.timeline/Runtime/Control/ControlPlayableAsset.cs
 0,1 kb	 0,0% Packages/com.unity.timeline/Runtime/Audio/AudioPlayableAsset.cs
 0,1 kb	 0,0% Packages/com.unity.timeline/Runtime/Audio/AudioMixerProperties.cs
 0,1 kb	 0,0% Packages/com.unity.timeline/Runtime/Audio/AudioClipProperties.cs
 0,1 kb	 0,0% Packages/com.unity.timeline/Runtime/Attributes/TrackColorAttribute.cs
 0,1 kb	 0,0% Packages/com.unity.textmeshpro/Scripts/Runtime/TMPro_ExtensionMethods.cs
 0,1 kb	 0,0% Packages/com.unity.textmeshpro/Scripts/Runtime/TMP_TextParsingUtilities.cs
 0,1 kb	 0,0% Packages/com.unity.textmeshpro/Scripts/Runtime/TMP_TextElement_Legacy.cs
 0,1 kb	 0,0% Packages/com.unity.textmeshpro/Scripts/Runtime/TMP_SpriteAssetImportFormats.cs
 0,1 kb	 0,0% Packages/com.unity.textmeshpro/Scripts/Runtime/TMP_FontAssetUtilities.cs
 0,1 kb	 0,0% Packages/com.unity.textmeshpro/Scripts/Runtime/MaterialReferenceManager.cs
 0,1 kb	 0,0% Packages/com.unity.ugui/Tests/Runtime/Util/ConcreteGraphic.cs
 0,1 kb	 0,0% Packages/com.unity.ugui/Tests/Runtime/Layout/LayoutGroupScaling.cs
 0,1 kb	 0,0% Packages/com.unity.ugui/Tests/Runtime/EventSystem/SelectableTests.cs
 0,1 kb	 0,0% Packages/com.unity.ugui/Runtime/UI/Core/SetPropertyUtility.cs
 0,1 kb	 0,0% Packages/com.unity.ugui/Runtime/UI/Core/Layout/VerticalLayoutGroup.cs
 0,1 kb	 0,0% Packages/com.unity.ugui/Runtime/UI/Core/Layout/ContentSizeFitter.cs
 0,1 kb	 0,0% Packages/com.unity.ugui/Runtime/UI/Core/Layout/AspectRatioFitter.cs
 0,1 kb	 0,0% Packages/com.unity.ugui/Runtime/UI/Core/FontUpdateTracker.cs
 0,1 kb	 0,0% Packages/com.unity.ugui/Runtime/UI/Core/CanvasUpdateRegistry.cs
 0,1 kb	 0,0% Packages/com.unity.ugui/Runtime/UI/Core/AnimationTriggers.cs
 0,1 kb	 0,0% Packages/com.unity.ugui/Runtime/EventSystem/Raycasters/PhysicsRaycaster.cs
 0,1 kb	 0,0% Packages/com.unity.ugui/Runtime/EventSystem/Raycasters/BaseRaycaster.cs
 0,1 kb	 0,0% Packages/com.unity.ugui/Runtime/EventSystem/RaycasterManager.cs
 0,1 kb	 0,0% Packages/com.unity.ugui/Runtime/EventSystem/InputModules/TouchInputModule.cs
 0,1 kb	 0,0% Packages/com.unity.ugui/Runtime/EventSystem/InputModules/BaseInputModule.cs
 0,1 kb	 0,0% Packages/com.unity.ugui/Runtime/EventSystem/ExecuteEvents.cs
 0,1 kb	 0,0% Packages/com.unity.ugui/Runtime/EventSystem/EventData/PointerEventData.cs
 0,1 kb	 0,0% Packages/com.unity.ugui/Runtime/EventSystem/EventData/BaseEventData.cs
 0,1 kb	 0,0% Packages/com.unity.ugui/Runtime/EventSystem/EventData/AxisEventData.cs
 0,1 kb	 0,0% Packages/com.unity.timeline/Runtime/TimelineAsset_CreateRemove.cs
 0,1 kb	 0,0% Packages/com.unity.timeline/Runtime/Events/INotificationOptionProvider.cs
 0,1 kb	 0,0% Packages/com.unity.test-framework/UnityEngine.TestRunner/Utils/IOuterUnityTestAction.cs
 0,1 kb	 0,0% Packages/com.unity.test-framework/UnityEngine.TestRunner/Utils/AssemblyProvider/ITestAssemblyProvider.cs
 0,1 kb	 0,0% Packages/com.unity.test-framework/UnityEngine.TestRunner/Utils/AssemblyProvider/IScriptingRuntimeProxy.cs
 0,1 kb	 0,0% Packages/com.unity.test-framework/UnityEngine.TestRunner/Assertions/LogScope/LogScope.cs
 0,1 kb	 0,0% Packages/com.unity.test-framework/UnityEngine.TestRunner/Assertions/LogScope/LogMatch.cs
 0,1 kb	 0,0% Packages/com.unity.test-framework/UnityEngine.TestRunner/Assertions/LogScope/LogEvent.cs
 0,1 kb	 0,0% Packages/com.unity.test-framework/UnityEngine.TestRunner/Assertions/LogAssert.cs
 0,1 kb	 0,0% Packages/com.unity.test-framework/UnityEngine.TestRunner/Assertions/ConstraintsExtensions.cs
 0,1 kb	 0,0% Assets/Scripts/Sessions/SessionManager.cs
 0,1 kb	 0,0% Assets/Scripts/Gameplay/GameplayManager.cs
 0,1 kb	 0,0% Packages/com.unity.ugui/Tests/Runtime/ScrollRect/ScrollRectStableLayout.cs
 0,1 kb	 0,0% Packages/com.unity.ugui/Tests/Runtime/MaskClipping/RectMask2DClipping.cs
 0,1 kb	 0,0% Packages/com.unity.ugui/Tests/Runtime/LayoutGroup/LayoutGroupArrangement.cs
 0,1 kb	 0,0% Packages/com.unity.ugui/Tests/Runtime/InputField/FakeInputModule.cs
 0,1 kb	 0,0% Packages/com.unity.ugui/Tests/Runtime/Image/ImageFilledGenerateWork.cs
 0,1 kb	 0,0% Packages/com.unity.ugui/Tests/Runtime/EventSystem/PhysicsRaycasterTests.cs
 0,1 kb	 0,0% Packages/com.unity.ugui/Tests/Runtime/EventSystem/GraphicRaycasterTests.cs
 0,1 kb	 0,0% Packages/com.unity.timeline/Runtime/Utilities/WeightUtility.cs
 0,1 kb	 0,0% Packages/com.unity.timeline/Runtime/Utilities/Extrapolation.cs
 0,1 kb	 0,0% Packages/com.unity.timeline/Runtime/TimelinePlayable.cs
 0,1 kb	 0,0% Packages/com.unity.timeline/Runtime/TimelineAsset.cs
 0,1 kb	 0,0% Packages/com.unity.timeline/Runtime/Scripting/PlayableTrack.cs
 0,1 kb	 0,0% Packages/com.unity.timeline/Runtime/Events/Signals/SignalReceiver.cs
 0,1 kb	 0,0% Packages/com.unity.timeline/Runtime/Events/Signals/SignalEmitter.cs
 0,1 kb	 0,0% Packages/com.unity.timeline/Runtime/Evaluation/RuntimeElement.cs
 0,1 kb	 0,0% Packages/com.unity.timeline/Runtime/Evaluation/RuntimeClipBase.cs
 0,1 kb	 0,0% Packages/com.unity.timeline/Runtime/Animation/AnimationTrack.cs
 0,1 kb	 0,0% Packages/com.unity.timeline/Runtime/Activation/ActivationTrack.cs
 0,1 kb	 0,0% Packages/com.unity.textmeshpro/Scripts/Runtime/TMPro_EventManager.cs
 0,1 kb	 0,0% Packages/com.unity.textmeshpro/Scripts/Runtime/TMP_UpdateManager.cs
 0,1 kb	 0,0% Packages/com.unity.textmeshpro/Scripts/Runtime/TMP_TextUtilities.cs
 0,1 kb	 0,0% Packages/com.unity.textmeshpro/Scripts/Runtime/TMP_SpriteCharacter.cs
 0,1 kb	 0,0% Packages/com.unity.textmeshpro/Scripts/Runtime/TMP_SpriteAnimator.cs
 0,1 kb	 0,0% Packages/com.unity.textmeshpro/Scripts/Runtime/TMP_SelectionCaret.cs
 0,1 kb	 0,0% Packages/com.unity.textmeshpro/Scripts/Runtime/TMP_RichTextTagsCommon.cs
 0,1 kb	 0,0% Packages/com.unity.textmeshpro/Scripts/Runtime/TMP_MaterialManager.cs
 0,1 kb	 0,0% Packages/com.unity.textmeshpro/Scripts/Runtime/TMP_InputValidator.cs
 0,1 kb	 0,0% Packages/com.unity.textmeshpro/Scripts/Runtime/TMP_FontFeaturesCommon.cs
 0,1 kb	 0,0% Packages/com.unity.textmeshpro/Scripts/Runtime/TMP_FontFeatureTable.cs
 0,1 kb	 0,0% Packages/com.unity.textmeshpro/Scripts/Runtime/TMP_DefaultControls.cs
 0,1 kb	 0,0% Packages/com.unity.textmeshpro/Scripts/Runtime/TMP_ColorGradient.cs
 0,1 kb	 0,0% Packages/com.unity.test-framework/UnityEngine.TestRunner/Utils/Utils.cs
 0,1 kb	 0,0% Packages/com.unity.test-framework/UnityEngine.TestRunner/Assertions/Is.cs
 0,1 kb	 0,0% Assets/Scripts/Gameplay/UI/Parameters.cs
 0,1 kb	 0,0% Packages/com.unity.ugui/Tests/Runtime/Util/ImageHook.cs
 0,1 kb	 0,0% Packages/com.unity.ugui/Tests/Runtime/Graphic/ImageTests.cs
 0,1 kb	 0,0% Packages/com.unity.ugui/Runtime/UI/Core/VertexModifiers/PositionAsUV1.cs
 0,1 kb	 0,0% Packages/com.unity.ugui/Runtime/UI/Core/VertexModifiers/BaseMeshEffect.cs
 0,1 kb	 0,0% Packages/com.unity.ugui/Runtime/UI/Core/StencilMaterial.cs
 0,1 kb	 0,0% Packages/com.unity.ugui/Runtime/UI/Core/MaskableGraphic.cs
 0,1 kb	 0,0% Packages/com.unity.ugui/Runtime/UI/Core/MaskUtilities.cs
 0,1 kb	 0,0% Packages/com.unity.ugui/Runtime/UI/Core/Layout/LayoutUtility.cs
 0,1 kb	 0,0% Packages/com.unity.ugui/Runtime/UI/Core/Layout/LayoutRebuilder.cs
 0,1 kb	 0,0% Packages/com.unity.ugui/Runtime/UI/Core/Layout/LayoutElement.cs
 0,1 kb	 0,0% Packages/com.unity.ugui/Runtime/UI/Core/Layout/GridLayoutGroup.cs
 0,1 kb	 0,0% Packages/com.unity.ugui/Runtime/UI/Core/IGraphicEnabledDisabled.cs
 0,1 kb	 0,0% Packages/com.unity.ugui/Runtime/UI/Core/GraphicRegistry.cs
 0,1 kb	 0,0% Packages/com.unity.ugui/Runtime/UI/Core/GraphicRaycaster.cs
 0,1 kb	 0,0% Packages/com.unity.ugui/Runtime/UI/Core/DefaultControls.cs
 0,1 kb	 0,0% Packages/com.unity.ugui/Runtime/UI/Core/Culling/ClipperRegistry.cs
 0,1 kb	 0,0% Packages/com.unity.ugui/Runtime/EventSystem/UIBehaviour.cs
 0,1 kb	 0,0% Packages/com.unity.ugui/Runtime/EventSystem/InputModules/BaseInput.cs
 0,1 kb	 0,0% Packages/com.unity.ugui/Runtime/EventSystem/EventTrigger.cs
 0,1 kb	 0,0% Packages/com.unity.ugui/Runtime/EventSystem/EventSystem.cs
 0,1 kb	 0,0% Packages/com.unity.textmeshpro/Tests/Runtime/TMP_RuntimeTests.cs
 0,1 kb	 0,0% Packages/com.unity.test-framework/UnityEngine.TestRunner/Utils/MonoBehaviourTest/MonoBehaviourTest.cs
 0,1 kb	 0,0% Packages/com.unity.test-framework/UnityEngine.TestRunner/Utils/MonoBehaviourTest/IMonoBehaviourTest.cs
 0,1 kb	 0,0% Packages/com.unity.test-framework/UnityEngine.TestRunner/Utils/IPrebuildSceneSetup.cs
 0,1 kb	 0,0% Packages/com.unity.test-framework/UnityEngine.TestRunner/Utils/IPostBuildCleanup.cs
 0,1 kb	 0,0% Packages/com.unity.test-framework/UnityEngine.TestRunner/Utils/AssemblyProvider/IAssemblyLoadProxy.cs
 0,1 kb	 0,0% Packages/com.unity.test-framework/UnityEngine.TestRunner/TestRunner/ITestRunnerListener.cs
 0,1 kb	 0,0% Assets/Scripts/HelloWorldScript.cs
 0,1 kb	 0,0% Assets/Scripts/Gameplay/Entity/Entity.cs
 0,1 kb	 0,0% Packages/com.unity.ugui/Tests/Runtime/Util/PrivateFieldSetter.cs
 0,1 kb	 0,0% Packages/com.unity.ugui/Tests/Runtime/Layout/GridLayoutGroupTests.cs
 0,1 kb	 0,0% Packages/com.unity.ugui/Tests/Runtime/Graphic/ToggleTestImageHook.cs
 0,1 kb	 0,0% Packages/com.unity.ugui/Tests/Runtime/EventSystem/RaycastSortingTests.cs
 0,1 kb	 0,0% Packages/com.unity.ugui/Tests/Runtime/EventSystem/InputModuleTests/DragCallbackCheck.cs
 0,1 kb	 0,0% Packages/com.unity.ugui/Tests/Runtime/Canvas/CreateSceneUtility.cs
 0,1 kb	 0,0% Packages/com.unity.timeline/Runtime/Utilities/TimelineUndo.cs
 0,1 kb	 0,0% Packages/com.unity.timeline/Runtime/Utilities/TimeUtility.cs
 0,1 kb	 0,0% Packages/com.unity.timeline/Runtime/Utilities/HashUtility.cs
 0,1 kb	 0,0% Packages/com.unity.timeline/Runtime/TrackAsset.cs
 0,1 kb	 0,0% Packages/com.unity.timeline/Runtime/TimelineClip.cs
 0,1 kb	 0,0% Packages/com.unity.timeline/Runtime/GroupTrack.cs
 0,1 kb	 0,0% Packages/com.unity.timeline/Runtime/Events/Signals/SignalAsset.cs
 0,1 kb	 0,0% Packages/com.unity.timeline/Runtime/Events/SignalTrack.cs
 0,1 kb	 0,0% Packages/com.unity.timeline/Runtime/Events/MarkerTrack.cs
 0,1 kb	 0,0% Packages/com.unity.timeline/Runtime/Evaluation/RuntimeClip.cs
 0,1 kb	 0,0% Packages/com.unity.timeline/Runtime/Control/ControlTrack.cs
 0,1 kb	 0,0% Packages/com.unity.timeline/Runtime/Audio/AudioTrack.cs
 0,1 kb	 0,0% Packages/com.unity.textmeshpro/Scripts/Runtime/TextMeshProUGUI.cs
 0,1 kb	 0,0% Packages/com.unity.textmeshpro/Scripts/Runtime/TextContainer.cs
 0,1 kb	 0,0% Packages/com.unity.textmeshpro/Scripts/Runtime/TMPro_UGUI_Private.cs
 0,1 kb	 0,0% Packages/com.unity.textmeshpro/Scripts/Runtime/TMPro_MeshUtilities.cs
 0,1 kb	 0,0% Packages/com.unity.textmeshpro/Scripts/Runtime/TMP_UpdateRegistery.cs
 0,1 kb	 0,0% Packages/com.unity.textmeshpro/Scripts/Runtime/TMP_TextElement.cs
 0,1 kb	 0,0% Packages/com.unity.textmeshpro/Scripts/Runtime/TMP_SubMeshUI.cs
 0,1 kb	 0,0% Packages/com.unity.textmeshpro/Scripts/Runtime/TMP_StyleSheet.cs
 0,1 kb	 0,0% Packages/com.unity.textmeshpro/Scripts/Runtime/TMP_SpriteGlyph.cs
 0,1 kb	 0,0% Packages/com.unity.textmeshpro/Scripts/Runtime/TMP_SpriteAsset.cs
 0,1 kb	 0,0% Packages/com.unity.textmeshpro/Scripts/Runtime/TMP_ShaderUtilities.cs
 0,1 kb	 0,0% Packages/com.unity.textmeshpro/Scripts/Runtime/TMP_RichTextTagStack.cs
 0,1 kb	 0,0% Packages/com.unity.textmeshpro/Scripts/Runtime/TMP_InputField.cs
 0,1 kb	 0,0% Packages/com.unity.textmeshpro/Scripts/Runtime/TMP_FontAssetCommon.cs
 0,1 kb	 0,0% Packages/com.unity.textmeshpro/Scripts/Runtime/TMP_FontAsset.cs
 0,1 kb	 0,0% Packages/com.unity.textmeshpro/Scripts/Runtime/TMP_CoroutineTween.cs
 0,1 kb	 0,0% Packages/com.unity.textmeshpro/Scripts/Runtime/TMP_CharacterInfo.cs
 0,1 kb	 0,0% Packages/com.unity.textmeshpro/Scripts/Runtime/TMP_Character.cs
 0,1 kb	 0,0% Assets/Scripts/Gameplay/UI/Stats.cs
 0,1 kb	 0,0% Assets/Scripts/Gameplay/UI/Actions.cs
 0,1 kb	 0,0% Packages/com.unity.ugui/Runtime/UI/Core/Utility/VertexHelper.cs
 0,1 kb	 0,0% Packages/com.unity.ugui/Runtime/UI/Core/ToggleGroup.cs
 0,1 kb	 0,0% Packages/com.unity.ugui/Runtime/UI/Core/Selectable.cs
 0,1 kb	 0,0% Packages/com.unity.ugui/Runtime/UI/Core/Scrollbar.cs
 0,1 kb	 0,0% Packages/com.unity.ugui/Runtime/UI/Core/ScrollRect.cs
 0,1 kb	 0,0% Packages/com.unity.ugui/Runtime/UI/Core/RectMask2D.cs
 0,1 kb	 0,0% Packages/com.unity.ugui/Runtime/UI/Core/MaterialModifiers/IMaterialModifier.cs
 0,1 kb	 0,0% Packages/com.unity.ugui/Runtime/UI/Core/Layout/LayoutGroup.cs
 0,1 kb	 0,0% Packages/com.unity.ugui/Runtime/UI/Core/Layout/CanvasScaler.cs
 0,1 kb	 0,0% Packages/com.unity.ugui/Runtime/UI/Core/InputField.cs
 0,1 kb	 0,0% Packages/com.unity.timeline/Runtime/Utilities/IPropertyCollector.cs
 0,1 kb	 0,0% Packages/com.unity.timeline/Runtime/TimelineAttributes.cs
 0,1 kb	 0,0% Packages/com.unity.timeline/Runtime/Timeline.deprecated.cs
 0,1 kb	 0,0% Packages/com.unity.timeline/Runtime/Playables/NotificationFlags.cs
 0,1 kb	 0,0% Packages/com.unity.timeline/Runtime/Playables/BasicScriptPlayable.cs
 0,1 kb	 0,0% Packages/com.unity.test-framework/UnityEngine.TestRunner/Utils/StacktraceFilter.cs
 0,1 kb	 0,0% Packages/com.unity.test-framework/UnityEngine.TestRunner/Utils/AssemblyProvider/IAssemblyWrapper.cs
 0,1 kb	 0,0% Packages/com.unity.test-framework/UnityEngine.TestRunner/NUnitExtensions/IStateSerializer.cs
 0,1 kb	 0,0% Assets/Scripts/Sessions/Client.cs
 0,1 kb	 0,0% Packages/com.unity.ugui/Tests/Runtime/TextEditor/TextEditorTests.cs
 0,1 kb	 0,0% Packages/com.unity.ugui/Tests/Runtime/ScrollRect/ScrollRectTests.cs
 0,1 kb	 0,0% Packages/com.unity.ugui/Tests/Runtime/ScrollRect/ScrollRectScale.cs
 0,1 kb	 0,0% Packages/com.unity.ugui/Tests/Runtime/ScrollRect/ScrollRectClamp.cs
 0,1 kb	 0,0% Packages/com.unity.ugui/Tests/Runtime/ScrollBar/ScrollBarTests.cs
 0,1 kb	 0,0% Packages/com.unity.ugui/Tests/Runtime/ScrollBar/ScrollBarClamp.cs
 0,1 kb	 0,0% Packages/com.unity.ugui/Tests/Runtime/InputField/InputFieldTests.cs
 0,1 kb	 0,0% Packages/com.unity.ugui/Tests/Runtime/Image/TestableImage.cs
 0,1 kb	 0,0% Packages/com.unity.ugui/Tests/Runtime/Graphic/RawImageTestHook.cs
 0,1 kb	 0,0% Packages/com.unity.ugui/Tests/Runtime/Graphic/RawImageTest.cs
 0,1 kb	 0,0% Packages/com.unity.ugui/Tests/Runtime/Graphic/MaskTests.cs
 0,1 kb	 0,0% Packages/com.unity.ugui/Tests/Runtime/Graphic/GraphicTests.cs
 0,1 kb	 0,0% Packages/com.unity.ugui/Tests/Runtime/EventSystem/InputModuleTests/FakeBaseInput.cs
 0,1 kb	 0,0% Packages/com.unity.ugui/Tests/Runtime/EventSystem/InputModuleTests.cs
 0,1 kb	 0,0% Packages/com.unity.ugui/Tests/Runtime/Dropdown/DropdownTests.cs
 0,1 kb	 0,0% Packages/com.unity.timeline/Runtime/Events/Marker.cs
 0,1 kb	 0,0% Packages/com.unity.textmeshpro/Scripts/Runtime/TextMeshPro.cs
 0,1 kb	 0,0% Packages/com.unity.textmeshpro/Scripts/Runtime/TMPro_Private.cs
 0,1 kb	 0,0% Packages/com.unity.textmeshpro/Scripts/Runtime/TMP_TextInfo.cs
 0,1 kb	 0,0% Packages/com.unity.textmeshpro/Scripts/Runtime/TMP_SubMesh.cs
 0,1 kb	 0,0% Packages/com.unity.textmeshpro/Scripts/Runtime/TMP_Style.cs
 0,1 kb	 0,0% Packages/com.unity.textmeshpro/Scripts/Runtime/TMP_Sprite.cs
 0,1 kb	 0,0% Packages/com.unity.textmeshpro/Scripts/Runtime/TMP_Settings.cs
 0,1 kb	 0,0% Packages/com.unity.textmeshpro/Scripts/Runtime/TMP_ObjectPool.cs
 0,1 kb	 0,0% Packages/com.unity.textmeshpro/Scripts/Runtime/TMP_Dropdown.cs
 0,1 kb	 0,0% Packages/com.unity.textmeshpro/Scripts/Runtime/TMP_Asset.cs
 0,1 kb	 0,0% Packages/com.unity.textmeshpro/Scripts/Runtime/FastAction.cs
 0,1 kb	 0,0% Packages/com.unity.textmeshpro/Scripts/Runtime/AssemblyInfo.cs.cs
 0,1 kb	 0,0% Assets/Scripts/Utils/Record.cs
 0,1 kb	 0,0% Assets/Scripts/Utils/Helper.cs
 0,1 kb	 0,0% Packages/com.unity.ugui/Runtime/UI/Core/VertexModifiers/Shadow.cs
 0,1 kb	 0,0% Packages/com.unity.ugui/Runtime/UI/Core/VertexModifiers/Outline.cs
 0,1 kb	 0,0% Packages/com.unity.ugui/Runtime/UI/Core/VertexModifiers/IMeshModifier.cs
 0,1 kb	 0,0% Packages/com.unity.ugui/Runtime/UI/Core/Toggle.cs
 0,1 kb	 0,0% Packages/com.unity.ugui/Runtime/UI/Core/Slider.cs
 0,1 kb	 0,0% Packages/com.unity.ugui/Runtime/UI/Core/RawImage.cs
 0,1 kb	 0,0% Packages/com.unity.ugui/Runtime/UI/Core/Layout/ILayoutElement.cs
 0,1 kb	 0,0% Packages/com.unity.ugui/Runtime/UI/Core/Image.cs
 0,1 kb	 0,0% Packages/com.unity.ugui/Runtime/UI/Core/Graphic.cs
 0,1 kb	 0,0% Packages/com.unity.ugui/Runtime/UI/Core/FontData.cs
 0,1 kb	 0,0% Packages/com.unity.ugui/Runtime/UI/Core/Dropdown.cs
 0,1 kb	 0,0% Packages/com.unity.ugui/Runtime/UI/Core/Culling/Clipping.cs
 0,1 kb	 0,0% Packages/com.unity.ugui/Runtime/UI/Core/Button.cs
 0,1 kb	 0,0% Packages/com.unity.ugui/Runtime/UI/Animation/CoroutineTween.cs
 0,1 kb	 0,0% Packages/com.unity.ugui/Runtime/EventSystem/RaycastResult.cs
 0,1 kb	 0,0% Packages/com.unity.ugui/Runtime/EventSystem/MoveDirection.cs
 0,1 kb	 0,0% Packages/com.unity.ugui/Runtime/EventSystem/EventTriggerType.cs
 0,1 kb	 0,0% Packages/com.unity.ugui/Runtime/EventSystem/EventInterfaces.cs
 0,1 kb	 0,0% Packages/com.unity.timeline/Runtime/Utilities/IPropertyPreview.cs
 0,1 kb	 0,0% Packages/com.unity.timeline/Runtime/Extensions/TrackExtensions.cs
 0,1 kb	 0,0% Packages/com.unity.timeline/Runtime/AssetUpgrade/TimelineUpgrade.cs
 0,1 kb	 0,0% Packages/com.unity.test-framework/UnityEngine.TestRunner/TestRunner/TestPlatform.cs
 0,1 kb	 0,0% Packages/com.unity.test-framework/UnityEngine.TestRunner/Assertions/LogScope/ILogScope.cs
 0,1 kb	 0,0% Packages/com.unity.test-framework/UnityEngine.TestRunner/AssemblyInfo.cs
 0,1 kb	 0,0% Packages/com.unity.ugui/Tests/Runtime/Toggle/ToggleTests.cs
 0,1 kb	 0,0% Packages/com.unity.ugui/Tests/Runtime/Slider/SliderTests.cs
 0,1 kb	 0,0% Packages/com.unity.ugui/Tests/Runtime/Image/ImageTests.cs
 0,1 kb	 0,0% Packages/com.unity.ugui/Tests/Runtime/EventSystem/InputModuleTests/MouseUpdate.cs
 0,1 kb	 0,0% Packages/com.unity.ugui/Tests/Runtime/Canvas/NestedCanvas.cs
 0,1 kb	 0,0% Packages/com.unity.ugui/Tests/Runtime/Button/TestButton.cs
 0,1 kb	 0,0% Packages/com.unity.ugui/Tests/Runtime/Button/ButtonTests.cs
 0,1 kb	 0,0% Packages/com.unity.textmeshpro/Scripts/Runtime/TMP_Text.cs
 0,1 kb	 0,0% Packages/com.unity.textmeshpro/Scripts/Runtime/TMP_MeshInfo.cs
 0,1 kb	 0,0% Packages/com.unity.textmeshpro/Scripts/Runtime/TMP_ListPool.cs
 0,1 kb	 0,0% Packages/com.unity.textmeshpro/Scripts/Runtime/TMP_LineInfo.cs
 0,1 kb	 0,0% Assets/Scripts/Utils/Pool.cs
 0,1 kb	 0,0% Packages/com.unity.ugui/Runtime/UI/Core/Utility/ObjectPool.cs
 0,1 kb	 0,0% Packages/com.unity.ugui/Runtime/UI/Core/Text.cs
 0,1 kb	 0,0% Packages/com.unity.ugui/Runtime/UI/Core/SpriteState.cs
 0,1 kb	 0,0% Packages/com.unity.ugui/Runtime/UI/Core/SpecializedCollections/IndexedSet.cs
 0,1 kb	 0,0% Packages/com.unity.ugui/Runtime/UI/Core/Navigation.cs
 0,1 kb	 0,0% Packages/com.unity.ugui/Runtime/UI/Core/Misc.cs
 0,1 kb	 0,0% Packages/com.unity.ugui/Runtime/UI/Core/Mask.cs
 0,1 kb	 0,0% Packages/com.unity.ugui/Runtime/UI/Core/IMaskable.cs
 0,1 kb	 0,0% Packages/com.unity.ugui/Runtime/UI/Core/Culling/IClipRegion.cs
 0,1 kb	 0,0% Packages/com.unity.ugui/Runtime/UI/Core/ColorBlock.cs
 0,1 kb	 0,0% Packages/com.unity.ugui/Runtime/Properties/AssemblyInfo.cs
 0,1 kb	 0,0% Packages/com.unity.ugui/Runtime/EventSystem/EventHandle.cs
 0,1 kb	 0,0% Packages/com.unity.timeline/Runtime/Properties/AssemblyInfo.cs
 0,1 kb	 0,0% Packages/com.unity.timeline/Runtime/Playables/ITimeControl.cs
 0,1 kb	 0,0% Packages/com.unity.timeline/Runtime/Events/MarkerList.cs
 0,1 kb	 0,0% Packages/com.unity.timeline/Runtime/Evaluation/IntervalTree.cs
 0,1 kb	 0,0% Packages/com.unity.timeline/Runtime/DiscreteTime.cs
 0,1 kb	 0,0% Packages/com.unity.timeline/Runtime/AssetUpgrade/TrackUpgrade.cs
 0,1 kb	 0,0% Packages/com.unity.timeline/Runtime/AssetUpgrade/ClipUpgrade.cs
 0,1 kb	 0,0% Packages/com.unity.timeline/Runtime/Animation/ICurvesOwner.cs
 0,1 kb	 0,0% Assets/protobuf/protometry/Quaternionn.cs
 0,1 kb	 0,0% Assets/protobuf/ErutanGrpc.cs
 0,1 kb	 0,0% Assets/Scripts/Utils/Singleton.cs
 0,1 kb	 0,0% Assets/Scripts/Utils/EventManager.cs
 0,1 kb	 0,0% Assets/Scripts/RandomStuff.cs
 0,1 kb	 0,0% Packages/com.unity.ugui/Runtime/UI/Core/Utility/ListPool.cs
 0,1 kb	 0,0% Packages/com.unity.ugui/Runtime/UI/Core/IMask.cs
 0,1 kb	 0,0% Packages/com.unity.timeline/Runtime/Events/IMarker.cs
 0,1 kb	 0,0% Packages/com.unity.timeline/Runtime/ClipCaps.cs
 0,1 kb	 0,0% Assets/protobuf/protometry/Vectorn.cs
 0,1 kb	 0,0% Assets/protobuf/Erutan.cs
 0,0 kb	 0,0% Assets/Plugins/TextMesh Pro/Resources/Shaders/TMPro_Surface.cginc
 0,0 kb	 0,0% Assets/Plugins/TextMesh Pro/Resources/Shaders/TMPro_Properties.cginc
 0,0 kb	 0,0% Assets/Plugins/TextMesh Pro/Resources/Shaders/TMPro.cginc
-------------------------------------------------------------------------------
DisplayProgressbar: 
Unloading 37 Unused Serialized files (Serialized files now loaded: 0)
System memory in use before: 33,7 MB.
System memory in use after: 33,2 MB.

Unloading 55 unused Assets to reduce memory usage. Loaded Objects now: 1423.
Total: 11,280282 ms (FindLiveObjects: 0,485492 ms CreateObjectMapping: 0,047930 ms MarkObjects: 9,815559 ms  DeleteObjects: 0,928115 ms)

Unloading 0 Unused Serialized files (Serialized files now loaded: 0)
Loaded scene 'Temp/__Backupscenes/0.backup'
	Deserialize:            1,236 ms
	Integration:            6,020 ms
	Integration of assets:  0,005 ms
	Thread Wait Time:       18,907 ms
	Total Operation Time:   26,168 ms
System memory in use before: 32,5 MB.
System memory in use after: 32,6 MB.

Unloading 0 unused Assets to reduce memory usage. Loaded Objects now: 1419.
Total: 10,456313 ms (FindLiveObjects: 0,557438 ms CreateObjectMapping: 0,054652 ms MarkObjects: 9,827692 ms  DeleteObjects: 0,013886 ms)

Linux build complete
UnityEngine.DebugLogHandler:Internal_Log(LogType, LogOption, String, Object)
UnityEngine.DebugLogHandler:LogFormat(LogType, Object, String, Object[])
UnityEngine.Logger:Log(LogType, Object)
UnityEngine.Debug:Log(Object)
Builds:BuildLinux() (at Assets/Editor/ProjectBuilder.cs:40)
 
(Filename: Assets/Editor/ProjectBuilder.cs Line: 40)

building x86_64 linux player!
Updating ProjectSettings/UnityConnectSettings.asset - GUID: 0000000000000000a100000000000000...
 done. [Time: 1,423005 ms] 
Refreshing native plugins compatible for Editor in 0,39 ms, found 1 plugins.
Preloading 0 native plugins for Editor in 0,00 ms.
[ScriptCompilation] Recompiling all scripts because: Recompiling scripts for player build.
BuildPlayer: start building target 24
- Starting compile Library/PlayerScriptAssemblies/UnityEngine.TestRunner.dll
- Starting compile Library/PlayerScriptAssemblies/UnityEngine.UI.dll
- Finished compile Library/PlayerScriptAssemblies/UnityEngine.TestRunner.dll
- Finished compile Library/PlayerScriptAssemblies/UnityEngine.UI.dll
- Starting compile Library/PlayerScriptAssemblies/Unity.TextMeshPro.dll
- Starting compile Library/PlayerScriptAssemblies/Unity.Timeline.dll
- Finished compile Library/PlayerScriptAssemblies/Unity.Timeline.dll
- Finished compile Library/PlayerScriptAssemblies/Unity.TextMeshPro.dll
- Starting compile Library/PlayerScriptAssemblies/Assembly-CSharp.dll
- Finished compile Library/PlayerScriptAssemblies/Assembly-CSharp.dll
Assets/Scripts/Sessions/Client.cs(135,28): warning CS1998: This async method lacks 'await' operators and will run synchronously. Consider using the 'await' operator to await non-blocking API calls, or 'await Task.Run(...)' to do CPU-bound work on a background thread.
Assets/Scripts/Gameplay/UI/Stats.cs(13,45): warning CS0649: Field 'Stats.Life' is never assigned to, and will always have its default value null
Assets/Scripts/Gameplay/GameplayManager.cs(15,29): warning CS0067: The event 'GameplayManager.OnGameStarted' is never used
Assets/Scripts/Sessions/Client.cs(43,40): warning CS0067: The event 'Client.ReceivedError' is never used
Assets/Scripts/Gameplay/UI/Parameters.cs(9,56): warning CS0649: Field 'Parameters.Label' is never assigned to, and will always have its default value null
Assets/Scripts/Sessions/Client.cs(48,24): warning CS0649: Field 'Client._token' is never assigned to, and will always have its default value null
Assets/Scripts/Gameplay/UI/Stats.cs(12,45): warning CS0649: Field 'Stats.Speed' is never assigned to, and will always have its default value null
Assets/Scripts/Gameplay/Entity/EntityManager.cs(13,28): warning CS0649: Field 'EntityManager.CubePrefab' is never assigned to, and will always have its default value null
DisplayProgressbar: Building Player
Opening scene 'Assets/Scenes/SampleScene.unity'
LightmapEditorSettings: switching bake backend from 1 to 0.
Unloading 29 Unused Serialized files (Serialized files now loaded: 0)
Loaded scene 'Assets/Scenes/SampleScene.unity'
	Deserialize:            22,950 ms
	Integration:            13,116 ms
	Integration of assets:  0,594 ms
	Thread Wait Time:       17,318 ms
	Total Operation Time:   53,978 ms
System memory in use before: 32,2 MB.
System memory in use after: 32,0 MB.

Unloading 42 unused Assets to reduce memory usage. Loaded Objects now: 1637.
Total: 13,566219 ms (FindLiveObjects: 0,667064 ms CreateObjectMapping: 0,082375 ms MarkObjects: 12,286804 ms  DeleteObjects: 0,527261 ms)

DisplayProgressbar: Mesh data optimization - Resolving used channels
DisplayProgressbar: Building Player


Mono dependencies included in the build
Dependency assembly - System.Diagnostics.Debug.dll
Dependency assembly - System.Diagnostics.Tracing.dll
Dependency assembly - System.Globalization.dll
Dependency assembly - System.Reflection.dll
Dependency assembly - System.Resources.ResourceManager.dll
Dependency assembly - System.Runtime.Extensions.dll
Dependency assembly - System.Runtime.InteropServices.dll
Dependency assembly - System.Runtime.dll
Dependency assembly - System.Threading.dll
Dependency assembly - Mono.Posix.dll
Dependency assembly - Mono.Security.dll
Dependency assembly - System.ComponentModel.Composition.dll
Dependency assembly - System.Configuration.dll
Dependency assembly - System.Core.dll
Dependency assembly - System.Security.dll
Dependency assembly - System.Xml.dll
Dependency assembly - System.dll
Dependency assembly - mscorlib.dll
Dependency assembly - Google.Protobuf.dll
Dependency assembly - Grpc.Core.Api.dll
Dependency assembly - Grpc.Core.dll
Dependency assembly - System.Buffers.dll
Dependency assembly - System.Memory.dll
Dependency assembly - System.Runtime.CompilerServices.Unsafe.dll
Dependency assembly - Assembly-CSharp.dll
Dependency assembly - Unity.TextMeshPro.dll
Dependency assembly - Unity.Timeline.dll
Dependency assembly - UnityEngine.UI.dll

Unloading 35 Unused Serialized files (Serialized files now loaded: 0)
System memory in use before: 33,4 MB.
System memory in use after: 33,0 MB.

Unloading 55 unused Assets to reduce memory usage. Loaded Objects now: 1410.
Total: 12,195894 ms (FindLiveObjects: 0,516371 ms CreateObjectMapping: 0,057489 ms MarkObjects: 11,026736 ms  DeleteObjects: 0,592664 ms)

[EnlightenBakeManager] m_Clear = false;
Unloading 0 Unused Serialized files (Serialized files now loaded: 0)
System memory in use before: 31,6 MB.
System memory in use after: 31,7 MB.

Unloading 0 unused Assets to reduce memory usage. Loaded Objects now: 1418.
Total: 11,491309 ms (FindLiveObjects: 0,723710 ms CreateObjectMapping: 0,067277 ms MarkObjects: 10,678781 ms  DeleteObjects: 0,018034 ms)

WARNING: Shader Unsupported: 'AR/TangoARRender' - Pass '' has no vertex shader
WARNING: Shader Unsupported: 'AR/TangoARRender' - Setting to default shader.
Unloading 1 Unused Serialized files (Serialized files now loaded: 0)
System memory in use before: 115,8 MB.
System memory in use after: 31,8 MB.

Unloading 158 unused Assets to reduce memory usage. Loaded Objects now: 1410.
Total: 28,337433 ms (FindLiveObjects: 0,480573 ms CreateObjectMapping: 0,049714 ms MarkObjects: 9,749856 ms  DeleteObjects: 18,054255 ms)

DisplayProgressbar: Compiling shader variants
DisplayProgressbar: Building Player
DisplayProgressbar: Compiling shader variants
DisplayProgressbar: Building Player
IOException: Failed to Copy File / Directory from 'Temp/StagingArea/LinuxPlayer' to 'Temp/StagingArea/.': destination path already exists.
  at UnityEditor.FileUtil.MoveFileOrDirectory (System.String source, System.String dest) [0x00020] in /home/builduser/buildslave/unity/build/Editor/Mono/FileUtil.bindings.cs:71 
  at UnityEditor.LinuxStandalone.LinuxDesktopStandalonePostProcessor.RenameStagingAreaFile (UnityEditor.Modules.BuildPostProcessArgs args, System.String from, System.String to) [0x0001b] in /home/builduser/buildslave/unity/build/PlatformDependent/LinuxStandalone/Extensions/Managed/LinuxDesktopStandalonePostProcessor.cs:67 
  at UnityEditor.LinuxStandalone.LinuxDesktopStandalonePostProcessor.RenameFilesInStagingArea (UnityEditor.Modules.BuildPostProcessArgs args) [0x00161] in /home/builduser/buildslave/unity/build/PlatformDependent/LinuxStandalone/Extensions/Managed/LinuxDesktopStandalonePostProcessor.cs:62 
  at DesktopStandalonePostProcessor.SetupStagingArea (UnityEditor.Modules.BuildPostProcessArgs args, System.Collections.Generic.HashSet`1[T] filesToNotOverwrite) [0x00163] in /home/builduser/buildslave/unity/build/Editor/Mono/BuildPipeline/DesktopStandalonePostProcessor.cs:261 
  at DesktopStandalonePostProcessor.PostProcess (UnityEditor.Modules.BuildPostProcessArgs args) [0x00017] in /home/builduser/buildslave/unity/build/Editor/Mono/BuildPipeline/DesktopStandalonePostProcessor.cs:41 
Rethrow as BuildFailedException: Exception of type 'UnityEditor.Build.BuildFailedException' was thrown.
  at DesktopStandalonePostProcessor.PostProcess (UnityEditor.Modules.BuildPostProcessArgs args) [0x0006e] in /home/builduser/buildslave/unity/build/Editor/Mono/BuildPipeline/DesktopStandalonePostProcessor.cs:59 
  at UnityEditor.Modules.DefaultBuildPostprocessor.PostProcess (UnityEditor.Modules.BuildPostProcessArgs args, UnityEditor.BuildProperties& outProperties) [0x00003] in /home/builduser/buildslave/unity/build/Editor/Mono/Modules/DefaultBuildPostprocessor.cs:27 
  at UnityEditor.PostprocessBuildPlayer.Postprocess (UnityEditor.BuildTargetGroup targetGroup, UnityEditor.BuildTarget target, System.String installPath, System.String companyName, System.String productName, System.Int32 width, System.Int32 height, UnityEditor.BuildOptions options, UnityEditor.RuntimeClassRegistry usedClassRegistry, UnityEditor.Build.Reporting.BuildReport report) [0x000da] in /home/builduser/buildslave/unity/build/Editor/Mono/BuildPipeline/PostprocessBuildPlayer.cs:281 
 
(Filename: /home/builduser/buildslave/unity/build/Editor/Mono/FileUtil.bindings.cs Line: 71)

DisplayProgressbar: 
Unloading 36 Unused Serialized files (Serialized files now loaded: 0)
System memory in use before: 33,5 MB.
System memory in use after: 33,0 MB.

Unloading 55 unused Assets to reduce memory usage. Loaded Objects now: 1422.
Total: 11,510836 ms (FindLiveObjects: 0,529585 ms CreateObjectMapping: 0,059522 ms MarkObjects: 9,908725 ms  DeleteObjects: 1,009999 ms)

Unloading 0 Unused Serialized files (Serialized files now loaded: 0)
Loaded scene 'Temp/__Backupscenes/0.backup'
	Deserialize:            0,611 ms
	Integration:            6,156 ms
	Integration of assets:  0,005 ms
	Thread Wait Time:       19,541 ms
	Total Operation Time:   26,314 ms
System memory in use before: 32,3 MB.
System memory in use after: 32,4 MB.

Unloading 0 unused Assets to reduce memory usage. Loaded Objects now: 1418.
Total: 10,560329 ms (FindLiveObjects: 0,572686 ms CreateObjectMapping: 0,053170 ms MarkObjects: 9,918012 ms  DeleteObjects: 0,013305 ms)

Building Player failed
 
(Filename: ./Modules/BuildReportingEditor/Public/BuildReport.cpp Line: 555)

IOException: Failed to Copy File / Directory from 'Temp/StagingArea/LinuxPlayer' to 'Temp/StagingArea/.': destination path already exists.
 
(Filename: ./Modules/BuildReportingEditor/Public/BuildReport.cpp Line: 555)

Failed to build player.
 
(Filename: ./Runtime/Utilities/Argv.cpp Line: 360)

